<?xml version="1.0" encoding="UTF-8"?>
<!-- Generated by org.testng.reporters.JUnitReportReporter -->
<testsuite hostname="LAPTOP-MFCNT1RQ" failures="0" tests="3" name="rishavPortfolio.Test.SubmitOrderTest" time="30.616" errors="0" timestamp="2024-09-01T19:48:22 IST" skipped="0">
  <testcase classname="rishavPortfolio.Test.SubmitOrderTest" name="submitOrder" time="11.163"/>
  <testcase classname="rishavPortfolio.Test.SubmitOrderTest" name="submitOrder" time="10.547"/>
  <testcase classname="rishavPortfolio.Test.SubmitOrderTest" name="CheckOrder" time="8.906"/>
</testsuite> <!-- rishavPortfolio.Test.SubmitOrderTest -->
