<?xml version="1.0" encoding="UTF-8"?>
<!-- Generated by org.testng.reporters.JUnitReportReporter -->
<testsuite hostname="LAPTOP-MFCNT1RQ" failures="0" tests="2" name="rishavPortfolio.Test.SubmitOrderTest" time="27.183" errors="0" timestamp="2024-08-19T21:50:06 IST" skipped="0">
  <testcase classname="rishavPortfolio.Test.SubmitOrderTest" name="submitOrder" time="13.006"/>
  <testcase classname="rishavPortfolio.Test.SubmitOrderTest" name="submitOrder" time="14.177"/>
</testsuite> <!-- rishavPortfolio.Test.SubmitOrderTest -->
