<?xml version="1.0" encoding="UTF-8"?>
<!-- Generated by org.testng.reporters.JUnitReportReporter -->
<testsuite hostname="LAPTOP-MFCNT1RQ" failures="0" tests="2" name="rishavPortfolio.Test.ErrorValidationTest" time="17.243" errors="0" timestamp="2024-08-29T21:43:46 IST" skipped="0">
  <testcase classname="rishavPortfolio.Test.ErrorValidationTest" name="LoginErrorValidation" time="5.712"/>
  <testcase classname="rishavPortfolio.Test.ErrorValidationTest" name="ProductErrorValidation" time="11.531"/>
</testsuite> <!-- rishavPortfolio.Test.ErrorValidationTest -->
