<?xml version="1.0" encoding="UTF-8"?>
<!-- Generated by org.testng.reporters.JUnitReportReporter -->
<testsuite hostname="LAPTOP-MFCNT1RQ" failures="0" tests="1" name="rishavPortfolio.Test.SelectAndDeleteOrders" time="18.714" errors="0" timestamp="2024-09-08T20:30:10 IST" skipped="0">
  <testcase classname="rishavPortfolio.Test.SelectAndDeleteOrders" name="SelectAndDeleteProduct" time="18.714"/>
</testsuite> <!-- rishavPortfolio.Test.SelectAndDeleteOrders -->
