<?xml version="1.0" encoding="UTF-8"?>
<!-- Generated by org.testng.reporters.JUnitReportReporter -->
<testsuite hostname="LAPTOP-MFCNT1RQ" failures="0" tests="2" name="rishavPortfolio.Test.ErrorValidationTest" time="18.498" errors="0" timestamp="2024-08-19T21:48:54 IST" skipped="0">
  <testcase classname="rishavPortfolio.Test.ErrorValidationTest" name="ProductErrorValidation" time="8.833"/>
  <testcase classname="rishavPortfolio.Test.ErrorValidationTest" name="LoginErrorValidation" time="9.665"/>
</testsuite> <!-- rishavPortfolio.Test.ErrorValidationTest -->
