<?xml version="1.0" encoding="UTF-8"?>
<!-- Generated by org.testng.reporters.JUnitReportReporter -->
<testsuite hostname="LAPTOP-MFCNT1RQ" failures="0" tests="3" name="rishavPortfolio.Test.SubmitOrderTest" time="24.897" errors="0" timestamp="2024-08-19T21:48:54 IST" skipped="0">
  <testcase classname="rishavPortfolio.Test.SubmitOrderTest" name="CheckOrder" time="5.480"/>
  <testcase classname="rishavPortfolio.Test.SubmitOrderTest" name="submitOrder" time="10.039"/>
  <testcase classname="rishavPortfolio.Test.SubmitOrderTest" name="submitOrder" time="9.378"/>
</testsuite> <!-- rishavPortfolio.Test.SubmitOrderTest -->
